[0.016s][info][gc,init] CardTable entry size: 512
[0.017s][info][gc     ] Using G1
[0.026s][info][gc,init] Version: 20+36-2344 (release)
[0.026s][info][gc,init] CPUs: 48 total, 48 available
[0.026s][info][gc,init] Memory: 382G
[0.026s][info][gc,init] Large Page Support: Disabled
[0.026s][info][gc,init] NUMA Support: Disabled
[0.026s][info][gc,init] Compressed Oops: Enabled (32-bit)
[0.026s][info][gc,init] Heap Region Size: 1M
[0.026s][info][gc,init] Heap Min Capacity: 8M
[0.026s][info][gc,init] Heap Initial Capacity: 512M
[0.026s][info][gc,init] Heap Max Capacity: 512M
[0.035s][info][gc,init] Pre-touch: Disabled
[0.035s][info][gc,init] Parallel Workers: 33
[0.035s][info][gc,init] Concurrent Workers: 8
[0.035s][info][gc,init] Concurrent Refinement Workers: 33
[0.035s][info][gc,init] Periodic GC: Disabled
[0.037s][info][gc,metaspace] CDS archive(s) mapped at: [0x0000000800000000-0x0000000800c60000-0x0000000800c60000), size 12976128, SharedBaseAddress: 0x0000000800000000, ArchiveRelocationMode: 0.
[0.037s][info][gc,metaspace] Compressed class space mapped at: 0x0000000801000000-0x0000000841000000, reserved size: 1073741824
[0.037s][info][gc,metaspace] Narrow klass base: 0x0000000800000000, Narrow klass shift: 0, Narrow klass range: 0x100000000
[1.300s][info][gc,heap,exit] Heap
[1.301s][info][gc,heap,exit]  garbage-first heap   total 524288K, used 25090K [0x00000000e0000000, 0x0000000100000000)
[1.301s][info][gc,heap,exit]   region size 1024K, 25 young (25600K), 0 survivors (0K)
[1.301s][info][gc,heap,exit]  Metaspace       used 8324K, committed 8512K, reserved 1114112K
[1.301s][info][gc,heap,exit]   class space    used 1117K, committed 1216K, reserved 1048576K
